<?xml version="1.0" encoding="UTF-8"?>
<testng-results skipped="0" failed="0" total="1" passed="1">
  <reporter-output>
  </reporter-output>
  <suite name="Default suite" duration-ms="5423" started-at="2021-06-08T11:26:21Z" finished-at="2021-06-08T11:26:26Z">
    <groups>
    </groups>
    <test name="Default test" duration-ms="5423" started-at="2021-06-08T11:26:21Z" finished-at="2021-06-08T11:26:26Z">
      <class name="com.spacex.api.GetLatestSpaceX">
        <test-method status="PASS" signature="getSpaceXLatest()[pri:0, instance:com.spacex.api.GetLatestSpaceX@6b419da]" name="getSpaceXLatest" duration-ms="5395" started-at="2021-06-08T16:56:21Z" finished-at="2021-06-08T16:56:26Z">
          <reporter-output>
          </reporter-output>
        </test-method> <!-- getSpaceXLatest -->
      </class> <!-- com.spacex.api.GetLatestSpaceX -->
    </test> <!-- Default test -->
  </suite> <!-- Default suite -->
</testng-results>
